<?xml version="1.0" encoding="utf-8"?><testsuites name="pytest tests"><testsuite name="pytest" errors="0" failures="0" skipped="0" tests="104" time="2.967" timestamp="2026-05-31T05:03:12.272750+02:00" hostname="vcvm"><testcase classname="tests.test_auto_status_closeout" name="test_unknown_marker_left_untouched" time="0.001" /><testcase classname="tests.test_auto_status_closeout" name="test_known_marker_wires_to_metric_and_preserves_surroundings" time="0.001" /><testcase classname="tests.test_auto_status_closeout" name="test_idempotent_second_pass_no_change" time="0.000" /><testcase classname="tests.test_auto_status_closeout" name="test_multiple_markers_all_substituted" time="0.001" /><testcase classname="tests.test_container_lifecycle" name="test_preflight_all_layers" time="0.841" /><testcase classname="tests.test_container_lifecycle" name="test_up_dry_run" time="0.085" /><testcase classname="tests.test_orchestrator_aggregator" name="test_committed_report_fixtures_exist" time="0.000" /><testcase classname="tests.test_orchestrator_aggregator" name="test_extract_weighted_score_from_real_reports" time="0.002" /><testcase classname="tests.test_orchestrator_aggregator" name="test_cell_key_matches_renderer_contract" time="0.000" /><testcase classname="tests.test_orchestrator_aggregator" name="test_cell_key_rejects_unknown_matrix_coordinates" time="0.000" /><testcase classname="tests.test_orchestrator_aggregator" name="test_aggregate_cells_maps_two_reports_to_distinct_cells" time="0.003" /><testcase classname="tests.test_orchestrator_aggregator" name="test_aggregate_cells_averages_reports_in_same_cell" time="0.001" /><testcase classname="tests.test_orchestrator_aggregator" name="test_aggregate_to_cells_json_writes_renderer_shape" time="0.033" /><testcase classname="tests.test_orchestrator_aggregator" name="test_extract_weighted_score_rejects_malformed_reports" time="0.001" /><testcase classname="tests.test_orchestrator_aggregator" name="test_load_report_rejects_missing_file" time="0.001" /><testcase classname="tests.test_orchestrator_concurrency" name="test_port_pool_allocates_unique_odd_ports" time="0.000" /><testcase classname="tests.test_orchestrator_concurrency" name="test_port_pool_release_recycles" time="0.000" /><testcase classname="tests.test_orchestrator_concurrency" name="test_port_pool_exhaustion" time="0.000" /><testcase classname="tests.test_orchestrator_concurrency" name="test_compose_project_name" time="0.000" /><testcase classname="tests.test_orchestrator_concurrency" name="test_run_pool_caps_concurrency" time="0.032" /><testcase classname="tests.test_orchestrator_concurrency" name="test_run_pool_captures_worker_errors" time="0.001" /><testcase classname="tests.test_orchestrator_config_loader" name="test_valid_manifest_passes" time="0.000" /><testcase classname="tests.test_orchestrator_config_loader" name="test_unknown_key_refused" time="0.000" /><testcase classname="tests.test_orchestrator_config_loader" name="test_missing_required_key" time="0.000" /><testcase classname="tests.test_orchestrator_config_loader" name="test_bad_schema_version" time="0.000" /><testcase classname="tests.test_orchestrator_config_loader" name="test_bad_image_hash_rejected" time="0.000" /><testcase classname="tests.test_orchestrator_config_loader" name="test_bad_config_id_rejected" time="0.000" /><testcase classname="tests.test_orchestrator_config_loader" name="test_target_runs_bounds" time="0.000" /><testcase classname="tests.test_orchestrator_config_loader" name="test_load_real_example_manifest" time="0.014" /><testcase classname="tests.test_orchestrator_container_lifecycle" name="test_preflight_refuses_privileged" time="0.000" /><testcase classname="tests.test_orchestrator_container_lifecycle" name="test_preflight_accepts_non_privileged" time="0.000" /><testcase classname="tests.test_orchestrator_container_lifecycle" name="test_exit_code_is_78" time="0.000" /><testcase classname="tests.test_orchestrator_container_lifecycle" name="test_harden_service_injects_invariants" time="0.000" /><testcase classname="tests.test_orchestrator_container_lifecycle" name="test_harden_compose_refuses_then_would_harden" time="0.000" /><testcase classname="tests.test_orchestrator_container_lifecycle" name="test_up_down_dry_run_returns_argv_without_executing" time="0.000" /><testcase classname="tests.test_orchestrator_container_lifecycle" name="test_main_preflight_real_L0a_compose_or_synthetic" time="0.002" /><testcase classname="tests.test_orchestrator_container_lifecycle" name="test_build_hardened_run_argv_is_never_privileged" time="0.000" /><testcase classname="tests.test_orchestrator_journal" name="test_journal_lists_pending_cells_with_limit" time="0.428" /><testcase classname="tests.test_orchestrator_journal" name="test_journal_claims_once_and_persists_terminal_status" time="0.423" /><testcase classname="tests.test_orchestrator_journal" name="test_journal_refuses_unavailable_database_cleanly" time="0.068" /><testcase classname="tests.test_orchestrator_live_matrix_config" name="test_config_without_container_errors" time="0.003" /><testcase classname="tests.test_orchestrator_live_matrix_config" name="test_no_work_errors" time="0.001" /><testcase classname="tests.test_orchestrator_live_matrix_config" name="test_manifest_run_id_is_canonical_and_deterministic" time="0.002" /><testcase classname="tests.test_orchestrator_live_matrix_resume" name="test_completed_index_only_lists_completed" time="0.037" /><testcase classname="tests.test_orchestrator_replay" name="test_help_advertises_matrix_replay" time="0.056" /><testcase classname="tests.test_orchestrator_replay" name="test_replay_plan_covers_full_matrix" time="0.000" /><testcase classname="tests.test_orchestrator_replay" name="test_replay_plan_alternates_reports" time="0.000" /><testcase classname="tests.test_orchestrator_replay" name="test_replay_writes_multi_cell_cells_json" time="0.210" /><testcase classname="tests.test_orchestrator_replay" name="test_replay_seeds_n_journal_rows_per_cell" time="0.145" /><testcase classname="tests.test_orchestrator_replay" name="test_replay_rejects_zero_cells" time="0.056" /><testcase classname="tests.test_orchestrator_report_validator" name="test_validate_real_committed_reports" time="0.008" /><testcase classname="tests.test_orchestrator_report_validator" name="test_validate_good_synthetic_report_returns_dict" time="0.000" /><testcase classname="tests.test_orchestrator_report_validator" name="test_rejects_non_object_root" time="0.000" /><testcase classname="tests.test_orchestrator_report_validator" name="test_rejects_missing_schema_version" time="0.000" /><testcase classname="tests.test_orchestrator_report_validator" name="test_rejects_wrong_schema_version" time="0.001" /><testcase classname="tests.test_orchestrator_report_validator" name="test_rejects_empty_device_label" time="0.000" /><testcase classname="tests.test_orchestrator_report_validator" name="test_rejects_missing_probes" time="0.000" /><testcase classname="tests.test_orchestrator_report_validator" name="test_rejects_empty_probes_list" time="0.000" /><testcase classname="tests.test_orchestrator_report_validator" name="test_rejects_probe_without_id" time="0.000" /><testcase classname="tests.test_orchestrator_report_validator" name="test_rejects_probe_with_non_numeric_score" time="0.000" /><testcase classname="tests.test_orchestrator_report_validator" name="test_rejects_missing_aggregate" time="0.000" /><testcase classname="tests.test_orchestrator_report_validator" name="test_rejects_weighted_score_out_of_range" time="0.000" /><testcase classname="tests.test_orchestrator_report_validator" name="test_rejects_boolean_weighted_score" time="0.000" /><testcase classname="tests.test_orchestrator_report_validator" name="test_rejects_missing_category" time="0.000" /><testcase classname="tests.test_orchestrator_report_validator" name="test_load_validated_report_passes_real_fixture" time="0.001" /><testcase classname="tests.test_orchestrator_report_validator" name="test_load_validated_report_rejects_malformed" time="0.001" /><testcase classname="tests.test_orchestrator_report_validator" name="test_aggregate_path_rejects_malformed_report" time="0.001" /><testcase classname="tests.test_orchestrator_run_id_persistence" name="test_run_id_is_deterministic" time="0.000" /><testcase classname="tests.test_orchestrator_run_id_persistence" name="test_run_id_changes_with_inputs" time="0.000" /><testcase classname="tests.test_orchestrator_run_id_persistence" name="test_run_id_rejects_negative_index" time="0.000" /><testcase classname="tests.test_orchestrator_run_id_persistence" name="test_canonical_json_is_key_order_stable" time="0.000" /><testcase classname="tests.test_orchestrator_run_id_persistence" name="test_config_id_from_layers" time="0.000" /><testcase classname="tests.test_orchestrator_run_id_persistence" name="test_persist_writes_atomically" time="0.004" /><testcase classname="tests.test_orchestrator_run_id_persistence" name="test_persist_refuses_overwrite" time="0.005" /><testcase classname="tests.test_orchestrator_run_id_persistence" name="test_persist_rejects_invalid_report" time="0.001" /><testcase classname="tests.test_orchestrator_smoke" name="test_help_advertises_matrix_smoke" time="0.057" /><testcase classname="tests.test_orchestrator_smoke" name="test_matrix_smoke_writes_completed_journal_row" time="0.112" /><testcase classname="tests.test_orchestrator_smoke" name="test_matrix_smoke_n_cycles_writes_n_rows" time="0.103" /><testcase classname="tests.test_orchestrator_smoke" name="test_matrix_smoke_rejects_missing_fixture" time="0.063" /><testcase classname="tests.test_orchestrator_snapshot_emitter" name="test_emitter_renders_settings_maps_and_empty" time="0.002" /><testcase classname="tests.test_orchestrator_snapshot_emitter" name="test_emitter_escapes_multiline_readable_files" time="0.001" /><testcase classname="tests.test_p21_verdict" name="test_launcher_focus_is_crash" time="0.000" /><testcase classname="tests.test_p21_verdict" name="test_no_focus_is_unknown" time="0.000" /><testcase classname="tests.test_p21_verdict" name="test_system_overlay_is_unknown" time="0.000" /><testcase classname="tests.test_p21_verdict" name="test_wrong_pkg_focus_is_crash" time="0.000" /><testcase classname="tests.test_p21_verdict" name="test_on_target_fail_keyword_is_fail" time="0.000" /><testcase classname="tests.test_p21_verdict" name="test_on_target_pass_keyword_is_pass" time="0.000" /><testcase classname="tests.test_p21_verdict" name="test_on_target_both_keywords_is_unknown" time="0.000" /><testcase classname="tests.test_p21_verdict" name="test_on_target_no_keywords_is_unknown" time="0.000" /><testcase classname="tests.test_p21_verdict" name="test_matches_expected_pass" time="0.000" /><testcase classname="tests.test_p21_verdict" name="test_matches_expected_fail_accepts_crash" time="0.000" /><testcase classname="tests.test_p21_verdict" name="test_matches_expected_none_and_unknown" time="0.000" /><testcase classname="tests.test_p21_verdict" name="test_not_rooted_pass_not_neutralised_by_rooted_substring" time="0.000" /><testcase classname="tests.test_p21_verdict" name="test_is_rooted_alone_is_fail" time="0.000" /><testcase classname="tests.test_p21_verdict" name="test_no_root_pass_not_neutralised" time="0.000" /><testcase classname="tests.test_probe_emit" name="test_build_record_has_all_required_fields_and_schema_version" time="0.000" /><testcase classname="tests.test_probe_emit" name="test_build_record_passes_schema_validation" time="0.035" /><testcase classname="tests.test_probe_emit" name="test_no_additional_properties_leak" time="0.000" /><testcase classname="tests.test_probe_emit" name="test_invalid_category_is_rejected" time="0.000" /><testcase classname="tests.test_probe_emit" name="test_invalid_layer_is_rejected" time="0.000" /><testcase classname="tests.test_probe_emit" name="test_reference_fixture_matches_schema" time="0.005" /><testcase classname="tests.test_render_heatmap" name="test_cell_color_thresholds" time="0.000" /><testcase classname="tests.test_render_heatmap" name="test_cell_label" time="0.000" /><testcase classname="tests.test_render_heatmap" name="test_render_svg_is_well_formed_and_labelled" time="0.003" /></testsuite></testsuites>